Using pre-set license
Built from '2020.3/staging' branch; Version is '2020.3.25f1 (9b9180224418) revision 10195328'; Using compiler version '192528614'; Build Type 'Release'
OS: 'Windows 10  (10.0.19045) 64bit Core' Language: 'ru' Physical Memory: 5982 MB
BatchMode: 1, IsHumanControllingUs: 0, StartBugReporterOnCrash: 0, Is64bit: 1, IsPro: 0

COMMAND LINE ARGUMENTS:
C:\Program Files\Unity\Hub\Editor\2020.3.25f1\Editor\Unity.exe
-adb2
-batchMode
-noUpm
-name
AssetImportWorker19
-projectPath
C:/Users/1/Desktop/ярослав/Unity/Dandelion_Game
-logFile
Logs/AssetImportWorker19.log
-srvPort
56748
Successfully changed project path to: C:/Users/1/Desktop/ярослав/Unity/Dandelion_Game
C:/Users/1/Desktop/ярослав/Unity/Dandelion_Game
Using Asset Import Pipeline V2.
Refreshing native plugins compatible for Editor in 376.22 ms, found 4 plugins.
Preloading 0 native plugins for Editor in 0.00 ms.
Initialize engine version: 2020.3.25f1 (9b9180224418)
[Subsystems] Discovering subsystems at path C:/Program Files/Unity/Hub/Editor/2020.3.25f1/Editor/Data/Resources/UnitySubsystems
[Subsystems] Discovering subsystems at path C:/Users/1/Desktop/ярослав/Unity/Dandelion_Game/Assets
GfxDevice: creating device client; threaded=0
Direct3D:
    Version:  Direct3D 11.0 [level 11.0]
    Renderer: NVIDIA GeForce GT 640M (ID=0xfd2)
    Vendor:   
    VRAM:     2017 MB
    Driver:   21.21.13.7654
Initialize mono
Mono path[0] = 'C:/Program Files/Unity/Hub/Editor/2020.3.25f1/Editor/Data/Managed'
Mono path[1] = 'C:/Program Files/Unity/Hub/Editor/2020.3.25f1/Editor/Data/MonoBleedingEdge/lib/mono/unityjit'
Mono config path = 'C:/Program Files/Unity/Hub/Editor/2020.3.25f1/Editor/Data/MonoBleedingEdge/etc'
Using monoOptions --debugger-agent=transport=dt_socket,embedding=1,server=y,suspend=n,address=127.0.0.1:56092
Begin MonoManager ReloadAssembly
Registering precompiled unity dll's ...
Register platform support module: C:/Program Files/Unity/Hub/Editor/2020.3.25f1/Editor/Data/PlaybackEngines/WebGLSupport/UnityEditor.WebGL.Extensions.dll
Register platform support module: C:/Program Files/Unity/Hub/Editor/2020.3.25f1/Editor/Data/PlaybackEngines/WindowsStandaloneSupport/UnityEditor.WindowsStandalone.Extensions.dll
Registered in 0.008118 seconds.
Native extension for WindowsStandalone target not found
Native extension for WebGL target not found
Refreshing native plugins compatible for Editor in 330.45 ms, found 4 plugins.
Preloading 0 native plugins for Editor in 0.00 ms.
Mono: successfully reloaded assembly
- Completed reload, in  1.823 seconds
Domain Reload Profiling:
	ReloadAssembly (1824ms)
		BeginReloadAssembly (147ms)
			ExecutionOrderSort (0ms)
			DisableScriptedObjects (0ms)
			BackupInstance (0ms)
			ReleaseScriptingObjects (0ms)
			CreateAndSetChildDomain (1ms)
		EndReloadAssembly (1493ms)
			LoadAssemblies (140ms)
			RebuildTransferFunctionScriptingTraits (0ms)
			SetupTypeCache (448ms)
			ReleaseScriptCaches (0ms)
			RebuildScriptCaches (79ms)
			SetupLoadedEditorAssemblies (685ms)
				LogAssemblyErrors (0ms)
				InitializePlatformSupportModulesInManaged (16ms)
				SetLoadedEditorAssemblies (0ms)
				RefreshPlugins (331ms)
				BeforeProcessingInitializeOnLoad (24ms)
				ProcessInitializeOnLoadAttributes (241ms)
				ProcessInitializeOnLoadMethodAttributes (73ms)
				AfterProcessingInitializeOnLoad (0ms)
				EditorAssembliesLoaded (0ms)
			ExecutionOrderSort2 (0ms)
			AwakeInstancesAfterBackupRestoration (0ms)
Platform modules already initialized, skipping
Registering precompiled user dll's ...
Registered in 0.015797 seconds.
Begin MonoManager ReloadAssembly
Symbol file LoadedFromMemory doesn't match image C:\Users\1\Desktop\ярослав\Unity\Dandelion_Game\Library\PackageCache\com.unity.visualscripting@1.8.0\Editor\VisualScripting.Core\Dependencies\YamlDotNet\Unity.VisualScripting.YamlDotNet.dll
Symbol file LoadedFromMemory doesn't match image C:\Users\1\Desktop\ярослав\Unity\Dandelion_Game\Library\PackageCache\com.unity.visualscripting@1.8.0\Editor\VisualScripting.Core\Dependencies\DotNetZip\Unity.VisualScripting.IonicZip.dll
Native extension for WindowsStandalone target not found
Native extension for WebGL target not found
Refreshing native plugins compatible for Editor in 613.78 ms, found 4 plugins.
Preloading 0 native plugins for Editor in 0.00 ms.
Mono: successfully reloaded assembly
- Completed reload, in  5.015 seconds
Domain Reload Profiling:
	ReloadAssembly (5017ms)
		BeginReloadAssembly (397ms)
			ExecutionOrderSort (0ms)
			DisableScriptedObjects (12ms)
			BackupInstance (0ms)
			ReleaseScriptingObjects (0ms)
			CreateAndSetChildDomain (46ms)
		EndReloadAssembly (4442ms)
			LoadAssemblies (270ms)
			RebuildTransferFunctionScriptingTraits (2ms)
			SetupTypeCache (1124ms)
			ReleaseScriptCaches (1ms)
			RebuildScriptCaches (205ms)
			SetupLoadedEditorAssemblies (2505ms)
				LogAssemblyErrors (0ms)
				InitializePlatformSupportModulesInManaged (34ms)
				SetLoadedEditorAssemblies (0ms)
				RefreshPlugins (614ms)
				BeforeProcessingInitializeOnLoad (570ms)
				ProcessInitializeOnLoadAttributes (1209ms)
				ProcessInitializeOnLoadMethodAttributes (61ms)
				AfterProcessingInitializeOnLoad (17ms)
				EditorAssembliesLoaded (0ms)
			ExecutionOrderSort2 (0ms)
			AwakeInstancesAfterBackupRestoration (19ms)
Platform modules already initialized, skipping
========================================================================
Worker process is ready to serve import requests
Launched and connected shader compiler UnityShaderCompiler.exe after 0.77 seconds
Refreshing native plugins compatible for Editor in 1.41 ms, found 4 plugins.
Preloading 0 native plugins for Editor in 0.00 ms.
Unloading 4978 Unused Serialized files (Serialized files now loaded: 0)
System memory in use before: 187.9 MB.
System memory in use after: 188.1 MB.

Unloading 32 unused Assets to reduce memory usage. Loaded Objects now: 5413.
Total: 7.987800 ms (FindLiveObjects: 0.739100 ms CreateObjectMapping: 0.561800 ms MarkObjects: 6.533500 ms  DeleteObjects: 0.151000 ms)

AssetImportParameters requested are different than current active one (requested -> active):
  custom:framework-win-MediaFoundation: 216162199b28c13a410421893ffa2e32 -> 
  custom:video-decoder-ogg-theora: a1e56fd34408186e4bbccfd4996cb3dc -> 
  custom:container-muxer-webm: aa71ff27fc2769a1b78a27578f13a17b -> 
  custom:container-demuxer-webm: 4f35f7cbe854078d1ac9338744f61a02 -> 
  custom:container-demuxer-ogg: 62fdf1f143b41e24485cea50d1cbac27 -> 
  custom:video-encoder-webm-vp8: eb34c28f22e8b96e1ab97ce403110664 -> 
  custom:video-decoder-webm-vp8: 9c59270c3fd7afecdb556c50c9e8de78 -> 
  custom:audio-decoder-ogg-vorbis: bf7c407c2cedff20999df2af8eb42d56 -> 
  custom:audio-encoder-webm-vorbis: bf7c407c2cedff20999df2af8eb42d56 -> 
========================================================================
Received Import Request.
  path: Assets/Sprites/—Pngtree—little green leaf_6950404.png
  artifactKey: Guid(61e6d879a9814c24dab98dc3c00dd443) Importer(815301076,1909f56bfc062723c751e8b465ee728b)
Start importing Assets/Sprites/—Pngtree—little green leaf_6950404.png using Guid(61e6d879a9814c24dab98dc3c00dd443) Importer(815301076,1909f56bfc062723c751e8b465ee728b)  -> (artifact id: 'd3af8d1000c3fe68171a44609a9ae699') in 4.138901 seconds 
  Import took 4.448829 seconds .

========================================================================
Received Import Request.
  Time since last request: 0.000469 seconds.
  path: Assets/Sprites/ICON.png
  artifactKey: Guid(24468a27d20470c43b07607215d00c27) Importer(815301076,1909f56bfc062723c751e8b465ee728b)
Start importing Assets/Sprites/ICON.png using Guid(24468a27d20470c43b07607215d00c27) Importer(815301076,1909f56bfc062723c751e8b465ee728b)  -> (artifact id: '98c57ccb562e6f3ce4d9131bdd0a7913') in 1.360449 seconds 
  Import took 1.600281 seconds .

========================================================================
Received Import Request.
  Time since last request: 0.000759 seconds.
  path: Assets/Sprites/1642121767_1-abrakadabra-fun-p-polyanka-narisovannaya-1.jpg
  artifactKey: Guid(babb632888974ac46915a93f7b90f23c) Importer(815301076,1909f56bfc062723c751e8b465ee728b)
Start importing Assets/Sprites/1642121767_1-abrakadabra-fun-p-polyanka-narisovannaya-1.jpg using Guid(babb632888974ac46915a93f7b90f23c) Importer(815301076,1909f56bfc062723c751e8b465ee728b)  -> (artifact id: '9e0bfbc2a833089cdad02b87a9d3de3e') in 0.673319 seconds 
  Import took 1.027283 seconds .

========================================================================
Received Import Request.
  Time since last request: 0.000502 seconds.
  path: Assets/Sprites/DALL·E 2023-02-18 00.18.11 - bright blue sky без облаков all in milky tones art shallow plan stylized 2d patformer(3).png
  artifactKey: Guid(5e5da4893964638479f2040d96d52822) Importer(815301076,1909f56bfc062723c751e8b465ee728b)
Start importing Assets/Sprites/DALL·E 2023-02-18 00.18.11 - bright blue sky без облаков all in milky tones art shallow plan stylized 2d patformer(3).png using Guid(5e5da4893964638479f2040d96d52822) Importer(815301076,1909f56bfc062723c751e8b465ee728b)  -> (artifact id: 'f8aa31052541dc05a49cceabc328e7d6') in 0.802810 seconds 
  Import took 1.367186 seconds .

========================================================================
Received Import Request.
  Time since last request: 0.000444 seconds.
  path: Assets/Sprites/Dandelion2.png
  artifactKey: Guid(7725f633504821344b4a10a92dd40fe0) Importer(815301076,1909f56bfc062723c751e8b465ee728b)
Start importing Assets/Sprites/Dandelion2.png using Guid(7725f633504821344b4a10a92dd40fe0) Importer(815301076,1909f56bfc062723c751e8b465ee728b)  -> (artifact id: '083b8b9b824a7de3b42a2fc36332c0c6') in 0.940983 seconds 
  Import took 1.327500 seconds .

========================================================================
Received Import Request.
  Time since last request: 0.000551 seconds.
  path: Assets/Sprites/Group 1 (1).png
  artifactKey: Guid(59797c2cc417c304bb10e6a7f04d73c7) Importer(815301076,1909f56bfc062723c751e8b465ee728b)
Start importing Assets/Sprites/Group 1 (1).png using Guid(59797c2cc417c304bb10e6a7f04d73c7) Importer(815301076,1909f56bfc062723c751e8b465ee728b)  -> (artifact id: '85a4ed7650cb79f28f2faed0dc9ffa43') in 0.551317 seconds 
  Import took 1.012102 seconds .

========================================================================
Received Import Request.
  Time since last request: 0.000407 seconds.
  path: Assets/Sprites/—Pngtree—sun cartoon golden sun_4492425.png
  artifactKey: Guid(1d0c39917f899b34285650596ecf6d99) Importer(815301076,1909f56bfc062723c751e8b465ee728b)
Start importing Assets/Sprites/—Pngtree—sun cartoon golden sun_4492425.png using Guid(1d0c39917f899b34285650596ecf6d99) Importer(815301076,1909f56bfc062723c751e8b465ee728b)  -> (artifact id: 'dc0c41dcf18b94a589ad1bc26c734192') in 1.086970 seconds 
  Import took 1.270238 seconds .

========================================================================
Received Import Request.
  Time since last request: 0.001124 seconds.
  path: Assets/Sprites/Drop3.png
  artifactKey: Guid(bb0c9b7b304104249995d030daac235d) Importer(815301076,1909f56bfc062723c751e8b465ee728b)
Start importing Assets/Sprites/Drop3.png using Guid(bb0c9b7b304104249995d030daac235d) Importer(815301076,1909f56bfc062723c751e8b465ee728b)  -> (artifact id: '652144c6083192590ac16598322e6c51') in 0.675878 seconds 
  Import took 1.203381 seconds .

========================================================================
Received Import Request.
  Time since last request: 0.001882 seconds.
  path: Assets/Sprites/abracadabra.jpg
  artifactKey: Guid(5d406dcb67ebbcf43bffbd79964dc736) Importer(815301076,1909f56bfc062723c751e8b465ee728b)
Start importing Assets/Sprites/abracadabra.jpg using Guid(5d406dcb67ebbcf43bffbd79964dc736) Importer(815301076,1909f56bfc062723c751e8b465ee728b)  -> (artifact id: 'fad8388513defc01f2c82592ad13b68f') in 0.935118 seconds 
  Import took 1.609611 seconds .

========================================================================
Received Import Request.
  Time since last request: 0.000586 seconds.
  path: Assets/Sprites/DALL·E 2023-02-17 11.14.20 - пчела на белом фоне.png
  artifactKey: Guid(ea1a00bce3fa397439b309808fc1df56) Importer(815301076,1909f56bfc062723c751e8b465ee728b)
Start importing Assets/Sprites/DALL·E 2023-02-17 11.14.20 - пчела на белом фоне.png using Guid(ea1a00bce3fa397439b309808fc1df56) Importer(815301076,1909f56bfc062723c751e8b465ee728b)  -> (artifact id: '85f11ef0e8cc18106e37249f396a044e') in 0.903443 seconds 
  Import took 1.081084 seconds .

========================================================================
Received Import Request.
  Time since last request: 0.000423 seconds.
  path: Assets/Sprites/DALL·E 2023-02-18 16.45.25 (1).png
  artifactKey: Guid(64b5e55efce7c59429bb083fca10ef42) Importer(815301076,1909f56bfc062723c751e8b465ee728b)
Start importing Assets/Sprites/DALL·E 2023-02-18 16.45.25 (1).png using Guid(64b5e55efce7c59429bb083fca10ef42) Importer(815301076,1909f56bfc062723c751e8b465ee728b)  -> (artifact id: '4a4920ef575c048e8c8886df57f6e8b6') in 0.971917 seconds 
  Import took 1.494195 seconds .

========================================================================
Received Import Request.
  Time since last request: 0.000411 seconds.
  path: Assets/Sprites/1000_F_112456858_RZkCDciB8nhx8o6MKcD6gGi1UAT3xzwE2.png
  artifactKey: Guid(ae85899357479084bbba1c7203673210) Importer(815301076,1909f56bfc062723c751e8b465ee728b)
Start importing Assets/Sprites/1000_F_112456858_RZkCDciB8nhx8o6MKcD6gGi1UAT3xzwE2.png using Guid(ae85899357479084bbba1c7203673210) Importer(815301076,1909f56bfc062723c751e8b465ee728b)  -> (artifact id: '31124b714db57a7d7d1c80b16c64f8e8') in 0.636601 seconds 
  Import took 1.080845 seconds .

========================================================================
Received Import Request.
  Time since last request: 0.000510 seconds.
  path: Assets/Sprites/—Pngtree—one leaf_3719629.png
  artifactKey: Guid(cf9842d80843a734da313b16ad4a0631) Importer(815301076,1909f56bfc062723c751e8b465ee728b)
Start importing Assets/Sprites/—Pngtree—one leaf_3719629.png using Guid(cf9842d80843a734da313b16ad4a0631) Importer(815301076,1909f56bfc062723c751e8b465ee728b)  -> (artifact id: 'baf8391dea7cd16f43354851bbd28f0f') in 0.369455 seconds 
  Import took 0.825940 seconds .

========================================================================
Received Import Request.
  Time since last request: 0.000460 seconds.
  path: Assets/Sprites/Icon_windy.png
  artifactKey: Guid(f57b8dda1c388c546b78a11f5d27511b) Importer(815301076,1909f56bfc062723c751e8b465ee728b)
Start importing Assets/Sprites/Icon_windy.png using Guid(f57b8dda1c388c546b78a11f5d27511b) Importer(815301076,1909f56bfc062723c751e8b465ee728b)  -> (artifact id: 'e255040846d8d78a15d54dfa4374b6f9') in 1.387163 seconds 
  Import took 2.101027 seconds .

========================================================================
Received Import Request.
  Time since last request: 0.000555 seconds.
  path: Assets/Sprites/Capture.PNG
  artifactKey: Guid(237c54236b73055468a19220b7d529ef) Importer(815301076,1909f56bfc062723c751e8b465ee728b)
Start importing Assets/Sprites/Capture.PNG using Guid(237c54236b73055468a19220b7d529ef) Importer(815301076,1909f56bfc062723c751e8b465ee728b)  -> (artifact id: 'e160d1e31287b85b916c937fff42fee3') in 1.385484 seconds 
  Import took 2.287387 seconds .

========================================================================
Received Import Request.
  Time since last request: 0.005517 seconds.
  path: Assets/Sprites/Panel 3.png
  artifactKey: Guid(64e476e117f38d947b0369b420b03a57) Importer(815301076,1909f56bfc062723c751e8b465ee728b)
Start importing Assets/Sprites/Panel 3.png using Guid(64e476e117f38d947b0369b420b03a57) Importer(815301076,1909f56bfc062723c751e8b465ee728b)  -> (artifact id: 'c3ba3cc1a7cb0e9b05570dc75979c462') in 3.053003 seconds 
  Import took 3.878279 seconds .

========================================================================
Received Import Request.
  Time since last request: 0.381290 seconds.
  path: Assets/Sprites/123454.png
  artifactKey: Guid(f96b5cf6aef80324e9ebdcff7150f8f0) Importer(815301076,1909f56bfc062723c751e8b465ee728b)
Start importing Assets/Sprites/123454.png using Guid(f96b5cf6aef80324e9ebdcff7150f8f0) Importer(815301076,1909f56bfc062723c751e8b465ee728b)  -> (artifact id: '792116e1864945cf05a7becc9a1e42c7') in 2.250793 seconds 
  Import took 3.285358 seconds .

========================================================================
Received Import Request.
  Time since last request: 0.005705 seconds.
  path: Assets/Sprites/DALL·E 2023-02-17 17.15.00 - big beetle на белом фоне.png
  artifactKey: Guid(901c468c45e0f74418f42ec8c9549432) Importer(815301076,1909f56bfc062723c751e8b465ee728b)
Start importing Assets/Sprites/DALL·E 2023-02-17 17.15.00 - big beetle на белом фоне.png using Guid(901c468c45e0f74418f42ec8c9549432) Importer(815301076,1909f56bfc062723c751e8b465ee728b)  -> (artifact id: '5bd2ff84bf5e09c54d6e0399c9cb49ec') in 2.054200 seconds 
  Import took 2.559512 seconds .

========================================================================
Received Import Request.
  Time since last request: 0.000425 seconds.
  path: Assets/Sprites/DALL·E 2023-02-17 16.17.27 - Small beetle на белом фоне.png
  artifactKey: Guid(b1fbcdef429563e4184b2e1c03cf7cee) Importer(815301076,1909f56bfc062723c751e8b465ee728b)
Start importing Assets/Sprites/DALL·E 2023-02-17 16.17.27 - Small beetle на белом фоне.png using Guid(b1fbcdef429563e4184b2e1c03cf7cee) Importer(815301076,1909f56bfc062723c751e8b465ee728b)  -> (artifact id: 'e18db53b0c8b8e94a941f6d63271be72') in 0.921211 seconds 
  Import took 1.080115 seconds .

