
=== Sat Mar  9 11:06:12 2024

Packages were changed.
Update Mode: updateDependencies

The following packages were added:
  com.unity.ai.navigation@2.0.0
  com.unity.modules.accessibility@1.0.0
The following packages were updated:
  com.unity.2d.pixel-perfect from version 4.0.1 to 5.0.3
  com.unity.2d.psdimporter from version 4.1.3 to 9.0.1
  com.unity.2d.spriteshape from version 5.1.7 to 10.0.2
  com.unity.cinemachine from version 2.6.17 to 2.9.5
  com.unity.collab-proxy from version 2.0.0 to 2.2.0
  com.unity.ide.rider from version 3.0.18 to 3.0.26
  com.unity.ide.visualstudio from version 2.0.17 to 2.0.22
  com.unity.render-pipelines.universal from version 10.7.0 to 16.0.4
  com.unity.test-framework from version 1.1.31 to 1.3.9
  com.unity.timeline from version 1.6.4 to 1.8.6
  com.unity.ugui from version 1.0.0 to 2.0.0
The following packages were removed:
  com.unity.textmeshpro@3.0.6
